build/app/intermediates/manifest_merge_blame_file/debug/manifest-merger-blame-debug-report.txt
1<?xml version="1.0" encoding="utf-8"?>
2<manifest xmlns:android="http://schemas.android.com/apk/res/android"
3    package="congpt.bloclogin"
4    android:versionCode="1"
5    android:versionName="1.0.0" >
6
7    <uses-sdk
8        android:minSdkVersion="21"
9        android:targetSdkVersion="29" />
10    <!--
11         Flutter needs it to communicate with the running application
12         to allow setting breakpoints, to provide hot reload, etc.
13    -->
14    <uses-permission android:name="android.permission.INTERNET" />
14-->src\main\AndroidManifest.xml:8:5-67
14-->src\main\AndroidManifest.xml:8:22-64
15    <uses-permission android:name="android.permission.ACCESS_FINE_LOCATION" />
15-->src\main\AndroidManifest.xml:9:5-79
15-->src\main\AndroidManifest.xml:9:22-76
16    <uses-permission android:name="android.permission.ACCESS_COARSE_LOCATION" />
16-->src\main\AndroidManifest.xml:10:5-81
16-->src\main\AndroidManifest.xml:10:22-78
17    <uses-permission android:name="android.permission.ACCESS_BACKGROUND_LOCATION" />
17-->src\main\AndroidManifest.xml:11:5-85
17-->src\main\AndroidManifest.xml:11:22-82
18    <uses-permission android:name="android.permission.READ_EXTERNAL_STORAGE" />
18-->[:image_picker] AndroidManifest.xml:7:5-80
18-->[:image_picker] AndroidManifest.xml:7:22-77
19    <uses-permission android:name="android.permission.WRITE_EXTERNAL_STORAGE" />
19-->[:image_picker] AndroidManifest.xml:8:5-81
19-->[:image_picker] AndroidManifest.xml:8:22-78
20    <uses-permission android:name="android.permission.CAMERA" />
20-->[:camera] AndroidManifest.xml:7:5-65
20-->[:camera] AndroidManifest.xml:7:22-62
21    <uses-permission android:name="android.permission.RECORD_AUDIO" />
21-->[:camera] AndroidManifest.xml:8:5-71
21-->[:camera] AndroidManifest.xml:8:22-68
22    <uses-permission android:name="android.permission.ACCESS_NETWORK_STATE" />
22-->[com.google.firebase:firebase-auth:20.0.1] AndroidManifest.xml:24:5-79
22-->[com.google.firebase:firebase-auth:20.0.1] AndroidManifest.xml:24:22-76
23    <uses-permission android:name="android.permission.WAKE_LOCK" /> <!-- Required by older versions of Google Play services to create IID tokens -->
23-->[com.google.firebase:firebase-iid:21.0.1] AndroidManifest.xml:24:5-68
23-->[com.google.firebase:firebase-iid:21.0.1] AndroidManifest.xml:24:22-65
24    <uses-permission android:name="com.google.android.c2dm.permission.RECEIVE" />
24-->[com.google.firebase:firebase-iid:21.0.1] AndroidManifest.xml:26:5-82
24-->[com.google.firebase:firebase-iid:21.0.1] AndroidManifest.xml:26:22-79
25    <uses-permission android:name="com.google.android.finsky.permission.BIND_GET_INSTALL_REFERRER_SERVICE" />
25-->[com.google.android.gms:play-services-measurement:18.0.0] AndroidManifest.xml:26:5-110
25-->[com.google.android.gms:play-services-measurement:18.0.0] AndroidManifest.xml:26:22-107
26
27    <application
27-->src\main\AndroidManifest.xml:12:5-60:19
28        android:name="io.flutter.app.FlutterApplication"
28-->src\main\AndroidManifest.xml:13:9-57
29        android:appComponentFactory="androidx.core.app.CoreComponentFactory"
29-->[androidx.core:core:1.1.0] AndroidManifest.xml:24:18-86
30        android:debuggable="true"
31        android:icon="@mipmap/ic_launcher"
31-->src\main\AndroidManifest.xml:15:9-43
32        android:label="bloclogin" >
32-->src\main\AndroidManifest.xml:14:9-34
33        <meta-data
33-->src\main\AndroidManifest.xml:16:9-18:54
34            android:name="com.here.sdk.access_key_id"
34-->src\main\AndroidManifest.xml:17:13-54
35            android:value="1GIoCSyuK41HGGLSDF8YYw" />
35-->src\main\AndroidManifest.xml:18:13-51
36        <meta-data
36-->src\main\AndroidManifest.xml:19:9-21:118
37            android:name="com.here.sdk.access_key_secret"
37-->src\main\AndroidManifest.xml:20:13-58
38            android:value="vHy0duGgYYEsRi27mirpDOZrkBHlx0XX-YshNEF__0P-RXaTkVAErLOAyI1wWT2o71SKUeOGXVxbjjsK8Qvb5g" />
38-->src\main\AndroidManifest.xml:21:13-115
39
40        <activity
40-->src\main\AndroidManifest.xml:22:9-54:20
41            android:name="congpt.bloclogin.MainActivity"
41-->src\main\AndroidManifest.xml:23:13-41
42            android:configChanges="orientation|keyboardHidden|keyboard|screenSize|smallestScreenSize|locale|layoutDirection|fontScale|screenLayout|density|uiMode"
42-->src\main\AndroidManifest.xml:26:13-163
43            android:hardwareAccelerated="true"
43-->src\main\AndroidManifest.xml:27:13-47
44            android:launchMode="singleTop"
44-->src\main\AndroidManifest.xml:24:13-43
45            android:theme="@style/LaunchTheme"
45-->src\main\AndroidManifest.xml:25:13-47
46            android:windowSoftInputMode="adjustResize" >
46-->src\main\AndroidManifest.xml:28:13-55
47
48            <!--
49                 Specifies an Android theme to apply to this Activity as soon as
50                 the Android process has started. This theme is visible to the user
51                 while the Flutter UI initializes. After that, this theme continues
52                 to determine the Window background behind the Flutter UI.
53            -->
54            <meta-data
54-->src\main\AndroidManifest.xml:33:13-36:17
55                android:name="io.flutter.embedding.android.NormalTheme"
55-->src\main\AndroidManifest.xml:34:15-70
56                android:resource="@style/NormalTheme" />
56-->src\main\AndroidManifest.xml:35:15-52
57            <!--
58                 Displays an Android View that continues showing the launch screen
59                 Drawable until Flutter paints its first frame, then this splash
60                 screen fades out. A splash screen is useful to avoid any visual
61                 gap between the end of Android's launch screen and the painting of
62                 Flutter's first frame.
63            -->
64            <meta-data
64-->src\main\AndroidManifest.xml:42:13-45:17
65                android:name="io.flutter.embedding.android.SplashScreenDrawable"
65-->src\main\AndroidManifest.xml:43:15-79
66                android:resource="@drawable/launch_background" />
66-->src\main\AndroidManifest.xml:44:15-61
67
68            <intent-filter>
68-->src\main\AndroidManifest.xml:46:13-49:29
69                <action android:name="android.intent.action.MAIN" />
69-->src\main\AndroidManifest.xml:47:17-68
69-->src\main\AndroidManifest.xml:47:25-66
70
71                <category android:name="android.intent.category.LAUNCHER" />
71-->src\main\AndroidManifest.xml:48:17-76
71-->src\main\AndroidManifest.xml:48:27-74
72            </intent-filter>
73            <intent-filter>
73-->src\main\AndroidManifest.xml:50:13-53:29
74                <action android:name="FLUTTER_NOTIFICATION_CLICK" />
74-->src\main\AndroidManifest.xml:51:17-69
74-->src\main\AndroidManifest.xml:51:25-66
75
76                <category android:name="android.intent.category.DEFAULT" />
76-->src\main\AndroidManifest.xml:52:17-76
76-->src\main\AndroidManifest.xml:52:27-73
77            </intent-filter>
78        </activity>
79        <!--
80             Don't delete the meta-data below.
81             This is used by the Flutter tool to generate GeneratedPluginRegistrant.java
82        -->
83        <meta-data
83-->src\main\AndroidManifest.xml:57:9-59:33
84            android:name="flutterEmbedding"
84-->src\main\AndroidManifest.xml:58:13-44
85            android:value="2" />
85-->src\main\AndroidManifest.xml:59:13-30
86
87        <provider
87-->[:image_picker] AndroidManifest.xml:11:9-19:20
88            android:name="io.flutter.plugins.imagepicker.ImagePickerFileProvider"
88-->[:image_picker] AndroidManifest.xml:12:13-82
89            android:authorities="congpt.bloclogin.flutter.image_provider"
89-->[:image_picker] AndroidManifest.xml:13:13-74
90            android:exported="false"
90-->[:image_picker] AndroidManifest.xml:14:13-37
91            android:grantUriPermissions="true" >
91-->[:image_picker] AndroidManifest.xml:15:13-47
92            <meta-data
92-->[:image_picker] AndroidManifest.xml:16:13-18:75
93                android:name="android.support.FILE_PROVIDER_PATHS"
93-->[:image_picker] AndroidManifest.xml:17:17-67
94                android:resource="@xml/flutter_image_picker_file_paths" />
94-->[:image_picker] AndroidManifest.xml:18:17-72
95        </provider>
96
97        <service android:name="io.flutter.plugins.firebasemessaging.FlutterFirebaseMessagingService" >
97-->[:firebase_messaging] AndroidManifest.xml:8:9-12:19
97-->[:firebase_messaging] AndroidManifest.xml:8:18-101
98            <intent-filter>
98-->[:firebase_messaging] AndroidManifest.xml:9:13-11:29
99                <action android:name="com.google.firebase.MESSAGING_EVENT" />
99-->[:firebase_messaging] AndroidManifest.xml:10:17-78
99-->[:firebase_messaging] AndroidManifest.xml:10:25-75
100            </intent-filter>
101        </service>
102        <service
102-->[:firebase_messaging] AndroidManifest.xml:13:9-17:19
103            android:name="com.google.firebase.components.ComponentDiscoveryService"
103-->[:firebase_messaging] AndroidManifest.xml:13:18-89
104            android:directBootAware="true"
104-->[com.google.firebase:firebase-common:19.5.0] AndroidManifest.xml:35:13-43
105            android:exported="false" >
105-->[com.google.firebase:firebase-auth:20.0.1] AndroidManifest.xml:76:13-37
106            <meta-data
106-->[:firebase_messaging] AndroidManifest.xml:14:13-16:85
107                android:name="com.google.firebase.components:io.flutter.plugins.firebasemessaging.FlutterFirebaseAppRegistrar"
107-->[:firebase_messaging] AndroidManifest.xml:15:17-127
108                android:value="com.google.firebase.components.ComponentRegistrar" />
108-->[:firebase_messaging] AndroidManifest.xml:16:17-82
109            <meta-data
109-->[:cloud_firestore] AndroidManifest.xml:9:13-11:85
110                android:name="com.google.firebase.components:io.flutter.plugins.firebase.firestore.FlutterFirebaseFirestoreRegistrar"
110-->[:cloud_firestore] AndroidManifest.xml:10:17-134
111                android:value="com.google.firebase.components.ComponentRegistrar" />
111-->[:cloud_firestore] AndroidManifest.xml:11:17-82
112            <meta-data
112-->[:firebase_database] AndroidManifest.xml:9:13-11:85
113                android:name="com.google.firebase.components:io.flutter.plugins.firebase.database.FlutterFirebaseAppRegistrar"
113-->[:firebase_database] AndroidManifest.xml:10:17-127
114                android:value="com.google.firebase.components.ComponentRegistrar" />
114-->[:firebase_database] AndroidManifest.xml:11:17-82
115            <meta-data
115-->[:firebase_auth] AndroidManifest.xml:9:13-11:85
116                android:name="com.google.firebase.components:io.flutter.plugins.firebase.auth.FlutterFirebaseAuthRegistrar"
116-->[:firebase_auth] AndroidManifest.xml:10:17-124
117                android:value="com.google.firebase.components.ComponentRegistrar" />
117-->[:firebase_auth] AndroidManifest.xml:11:17-82
118            <meta-data
118-->[:firebase_core] AndroidManifest.xml:9:13-11:85
119                android:name="com.google.firebase.components:io.flutter.plugins.firebase.core.FlutterFirebaseCoreRegistrar"
119-->[:firebase_core] AndroidManifest.xml:10:17-124
120                android:value="com.google.firebase.components.ComponentRegistrar" />
120-->[:firebase_core] AndroidManifest.xml:11:17-82
121            <meta-data
121-->[com.google.firebase:firebase-auth:20.0.1] AndroidManifest.xml:77:13-79:85
122                android:name="com.google.firebase.components:com.google.firebase.auth.FirebaseAuthRegistrar"
122-->[com.google.firebase:firebase-auth:20.0.1] AndroidManifest.xml:78:17-109
123                android:value="com.google.firebase.components.ComponentRegistrar" />
123-->[com.google.firebase:firebase-auth:20.0.1] AndroidManifest.xml:79:17-82
124            <meta-data
124-->[com.google.firebase:firebase-firestore:22.0.1] AndroidManifest.xml:20:13-22:85
125                android:name="com.google.firebase.components:com.google.firebase.firestore.FirestoreRegistrar"
125-->[com.google.firebase:firebase-firestore:22.0.1] AndroidManifest.xml:21:17-111
126                android:value="com.google.firebase.components.ComponentRegistrar" />
126-->[com.google.firebase:firebase-firestore:22.0.1] AndroidManifest.xml:22:17-82
127            <meta-data
127-->[com.google.firebase:firebase-database:19.6.0] AndroidManifest.xml:32:13-34:85
128                android:name="com.google.firebase.components:com.google.firebase.database.DatabaseRegistrar"
128-->[com.google.firebase:firebase-database:19.6.0] AndroidManifest.xml:33:17-109
129                android:value="com.google.firebase.components.ComponentRegistrar" />
129-->[com.google.firebase:firebase-database:19.6.0] AndroidManifest.xml:34:17-82
130            <meta-data
130-->[com.google.firebase:firebase-messaging:21.0.1] AndroidManifest.xml:39:13-41:85
131                android:name="com.google.firebase.components:com.google.firebase.messaging.FirebaseMessagingRegistrar"
131-->[com.google.firebase:firebase-messaging:21.0.1] AndroidManifest.xml:40:17-119
132                android:value="com.google.firebase.components.ComponentRegistrar" />
132-->[com.google.firebase:firebase-messaging:21.0.1] AndroidManifest.xml:41:17-82
133            <meta-data
133-->[com.google.firebase:firebase-iid:21.0.1] AndroidManifest.xml:32:13-34:85
134                android:name="com.google.firebase.components:com.google.firebase.iid.Registrar"
134-->[com.google.firebase:firebase-iid:21.0.1] AndroidManifest.xml:33:17-96
135                android:value="com.google.firebase.components.ComponentRegistrar" />
135-->[com.google.firebase:firebase-iid:21.0.1] AndroidManifest.xml:34:17-82
136            <meta-data
136-->[com.google.android.gms:play-services-measurement-api:18.0.0] AndroidManifest.xml:30:13-32:85
137                android:name="com.google.firebase.components:com.google.firebase.analytics.connector.internal.AnalyticsConnectorRegistrar"
137-->[com.google.android.gms:play-services-measurement-api:18.0.0] AndroidManifest.xml:31:17-139
138                android:value="com.google.firebase.components.ComponentRegistrar" />
138-->[com.google.android.gms:play-services-measurement-api:18.0.0] AndroidManifest.xml:32:17-82
139            <meta-data
139-->[com.google.firebase:firebase-installations:16.3.5] AndroidManifest.xml:18:13-20:85
140                android:name="com.google.firebase.components:com.google.firebase.installations.FirebaseInstallationsRegistrar"
140-->[com.google.firebase:firebase-installations:16.3.5] AndroidManifest.xml:19:17-127
141                android:value="com.google.firebase.components.ComponentRegistrar" />
141-->[com.google.firebase:firebase-installations:16.3.5] AndroidManifest.xml:20:17-82
142            <meta-data
142-->[com.google.firebase:firebase-datatransport:17.0.10] AndroidManifest.xml:28:13-30:85
143                android:name="com.google.firebase.components:com.google.firebase.datatransport.TransportRegistrar"
143-->[com.google.firebase:firebase-datatransport:17.0.10] AndroidManifest.xml:29:17-115
144                android:value="com.google.firebase.components.ComponentRegistrar" />
144-->[com.google.firebase:firebase-datatransport:17.0.10] AndroidManifest.xml:30:17-82
145            <!--
146                This registrar is not defined in the dynamic-module-support sdk itself to allow non-firebase
147                clients to use it as well, by defining this registrar in their own core/common library.
148            -->
149            <meta-data
149-->[com.google.firebase:firebase-common:19.5.0] AndroidManifest.xml:43:13-45:85
150                android:name="com.google.firebase.components:com.google.firebase.dynamicloading.DynamicLoadingRegistrar"
150-->[com.google.firebase:firebase-common:19.5.0] AndroidManifest.xml:44:17-121
151                android:value="com.google.firebase.components.ComponentRegistrar" />
151-->[com.google.firebase:firebase-common:19.5.0] AndroidManifest.xml:45:17-82
152        </service>
153
154        <activity
154-->[com.google.firebase:firebase-auth:20.0.1] AndroidManifest.xml:27:9-44:20
155            android:name="com.google.firebase.auth.internal.GenericIdpActivity"
155-->[com.google.firebase:firebase-auth:20.0.1] AndroidManifest.xml:28:13-80
156            android:excludeFromRecents="true"
156-->[com.google.firebase:firebase-auth:20.0.1] AndroidManifest.xml:29:13-46
157            android:exported="true"
157-->[com.google.firebase:firebase-auth:20.0.1] AndroidManifest.xml:30:13-36
158            android:launchMode="singleTask"
158-->[com.google.firebase:firebase-auth:20.0.1] AndroidManifest.xml:31:13-44
159            android:theme="@android:style/Theme.Translucent.NoTitleBar" >
159-->[com.google.firebase:firebase-auth:20.0.1] AndroidManifest.xml:32:13-72
160            <intent-filter>
160-->[com.google.firebase:firebase-auth:20.0.1] AndroidManifest.xml:33:13-43:29
161                <action android:name="android.intent.action.VIEW" />
161-->[com.google.firebase:firebase-auth:20.0.1] AndroidManifest.xml:34:17-69
161-->[com.google.firebase:firebase-auth:20.0.1] AndroidManifest.xml:34:25-66
162
163                <category android:name="android.intent.category.DEFAULT" />
163-->src\main\AndroidManifest.xml:52:17-76
163-->src\main\AndroidManifest.xml:52:27-73
164                <category android:name="android.intent.category.BROWSABLE" />
164-->[com.google.firebase:firebase-auth:20.0.1] AndroidManifest.xml:37:17-78
164-->[com.google.firebase:firebase-auth:20.0.1] AndroidManifest.xml:37:27-75
165
166                <data
166-->[com.google.firebase:firebase-auth:20.0.1] AndroidManifest.xml:39:17-42:51
167                    android:host="firebase.auth"
167-->[com.google.firebase:firebase-auth:20.0.1] AndroidManifest.xml:40:21-49
168                    android:path="/"
168-->[com.google.firebase:firebase-auth:20.0.1] AndroidManifest.xml:41:21-37
169                    android:scheme="genericidp" />
169-->[com.google.firebase:firebase-auth:20.0.1] AndroidManifest.xml:42:21-48
170            </intent-filter>
171        </activity>
172        <activity
172-->[com.google.firebase:firebase-auth:20.0.1] AndroidManifest.xml:45:9-62:20
173            android:name="com.google.firebase.auth.internal.RecaptchaActivity"
173-->[com.google.firebase:firebase-auth:20.0.1] AndroidManifest.xml:46:13-79
174            android:excludeFromRecents="true"
174-->[com.google.firebase:firebase-auth:20.0.1] AndroidManifest.xml:47:13-46
175            android:exported="true"
175-->[com.google.firebase:firebase-auth:20.0.1] AndroidManifest.xml:48:13-36
176            android:launchMode="singleTask"
176-->[com.google.firebase:firebase-auth:20.0.1] AndroidManifest.xml:49:13-44
177            android:theme="@android:style/Theme.Translucent.NoTitleBar" >
177-->[com.google.firebase:firebase-auth:20.0.1] AndroidManifest.xml:50:13-72
178            <intent-filter>
178-->[com.google.firebase:firebase-auth:20.0.1] AndroidManifest.xml:51:13-61:29
179                <action android:name="android.intent.action.VIEW" />
179-->[com.google.firebase:firebase-auth:20.0.1] AndroidManifest.xml:34:17-69
179-->[com.google.firebase:firebase-auth:20.0.1] AndroidManifest.xml:34:25-66
180
181                <category android:name="android.intent.category.DEFAULT" />
181-->src\main\AndroidManifest.xml:52:17-76
181-->src\main\AndroidManifest.xml:52:27-73
182                <category android:name="android.intent.category.BROWSABLE" />
182-->[com.google.firebase:firebase-auth:20.0.1] AndroidManifest.xml:37:17-78
182-->[com.google.firebase:firebase-auth:20.0.1] AndroidManifest.xml:37:27-75
183
184                <data
184-->[com.google.firebase:firebase-auth:20.0.1] AndroidManifest.xml:39:17-42:51
185                    android:host="firebase.auth"
185-->[com.google.firebase:firebase-auth:20.0.1] AndroidManifest.xml:40:21-49
186                    android:path="/"
186-->[com.google.firebase:firebase-auth:20.0.1] AndroidManifest.xml:41:21-37
187                    android:scheme="recaptcha" />
187-->[com.google.firebase:firebase-auth:20.0.1] AndroidManifest.xml:42:21-48
188            </intent-filter>
189        </activity>
190
191        <service
191-->[com.google.firebase:firebase-auth:20.0.1] AndroidManifest.xml:64:9-73:19
192            android:name="com.google.firebase.auth.api.fallback.service.FirebaseAuthFallbackService"
192-->[com.google.firebase:firebase-auth:20.0.1] AndroidManifest.xml:65:13-101
193            android:enabled="true"
193-->[com.google.firebase:firebase-auth:20.0.1] AndroidManifest.xml:66:13-35
194            android:exported="false" >
194-->[com.google.firebase:firebase-auth:20.0.1] AndroidManifest.xml:67:13-37
195            <intent-filter>
195-->[com.google.firebase:firebase-auth:20.0.1] AndroidManifest.xml:68:13-72:29
196                <action android:name="com.google.firebase.auth.api.gms.service.START" />
196-->[com.google.firebase:firebase-auth:20.0.1] AndroidManifest.xml:69:17-89
196-->[com.google.firebase:firebase-auth:20.0.1] AndroidManifest.xml:69:25-86
197
198                <category android:name="android.intent.category.DEFAULT" />
198-->src\main\AndroidManifest.xml:52:17-76
198-->src\main\AndroidManifest.xml:52:27-73
199            </intent-filter>
200        </service>
201        <!--
202             FirebaseMessagingService performs security checks at runtime,
203             but set to not exported to explicitly avoid allowing another app to call it.
204        -->
205        <service
205-->[com.google.firebase:firebase-messaging:21.0.1] AndroidManifest.xml:28:9-35:19
206            android:name="com.google.firebase.messaging.FirebaseMessagingService"
206-->[com.google.firebase:firebase-messaging:21.0.1] AndroidManifest.xml:29:13-82
207            android:directBootAware="true"
207-->[com.google.firebase:firebase-messaging:21.0.1] AndroidManifest.xml:30:13-43
208            android:exported="false" >
208-->[com.google.firebase:firebase-messaging:21.0.1] AndroidManifest.xml:31:13-37
209            <intent-filter android:priority="-500" >
209-->[:firebase_messaging] AndroidManifest.xml:9:13-11:29
210                <action android:name="com.google.firebase.MESSAGING_EVENT" />
210-->[:firebase_messaging] AndroidManifest.xml:10:17-78
210-->[:firebase_messaging] AndroidManifest.xml:10:25-75
211            </intent-filter>
212        </service>
213
214        <receiver
214-->[com.google.firebase:firebase-iid:21.0.1] AndroidManifest.xml:37:9-44:20
215            android:name="com.google.firebase.iid.FirebaseInstanceIdReceiver"
215-->[com.google.firebase:firebase-iid:21.0.1] AndroidManifest.xml:38:13-78
216            android:exported="true"
216-->[com.google.firebase:firebase-iid:21.0.1] AndroidManifest.xml:39:13-36
217            android:permission="com.google.android.c2dm.permission.SEND" >
217-->[com.google.firebase:firebase-iid:21.0.1] AndroidManifest.xml:40:13-73
218            <intent-filter>
218-->[com.google.firebase:firebase-iid:21.0.1] AndroidManifest.xml:41:13-43:29
219                <action android:name="com.google.android.c2dm.intent.RECEIVE" />
219-->[com.google.firebase:firebase-iid:21.0.1] AndroidManifest.xml:42:17-81
219-->[com.google.firebase:firebase-iid:21.0.1] AndroidManifest.xml:42:25-78
220            </intent-filter>
221        </receiver>
222
223        <activity
223-->[com.google.android.gms:play-services-base:17.1.0] AndroidManifest.xml:23:9-26:75
224            android:name="com.google.android.gms.common.api.GoogleApiActivity"
224-->[com.google.android.gms:play-services-base:17.1.0] AndroidManifest.xml:24:13-79
225            android:exported="false"
225-->[com.google.android.gms:play-services-base:17.1.0] AndroidManifest.xml:25:13-37
226            android:theme="@android:style/Theme.Translucent.NoTitleBar" />
226-->[com.google.android.gms:play-services-base:17.1.0] AndroidManifest.xml:26:13-72
227
228        <receiver
228-->[com.google.android.gms:play-services-measurement:18.0.0] AndroidManifest.xml:29:9-33:20
229            android:name="com.google.android.gms.measurement.AppMeasurementReceiver"
229-->[com.google.android.gms:play-services-measurement:18.0.0] AndroidManifest.xml:30:13-85
230            android:enabled="true"
230-->[com.google.android.gms:play-services-measurement:18.0.0] AndroidManifest.xml:31:13-35
231            android:exported="false" >
231-->[com.google.android.gms:play-services-measurement:18.0.0] AndroidManifest.xml:32:13-37
232        </receiver>
233
234        <service
234-->[com.google.android.gms:play-services-measurement:18.0.0] AndroidManifest.xml:35:9-38:40
235            android:name="com.google.android.gms.measurement.AppMeasurementService"
235-->[com.google.android.gms:play-services-measurement:18.0.0] AndroidManifest.xml:36:13-84
236            android:enabled="true"
236-->[com.google.android.gms:play-services-measurement:18.0.0] AndroidManifest.xml:37:13-35
237            android:exported="false" />
237-->[com.google.android.gms:play-services-measurement:18.0.0] AndroidManifest.xml:38:13-37
238        <service
238-->[com.google.android.gms:play-services-measurement:18.0.0] AndroidManifest.xml:39:9-43:72
239            android:name="com.google.android.gms.measurement.AppMeasurementJobService"
239-->[com.google.android.gms:play-services-measurement:18.0.0] AndroidManifest.xml:40:13-87
240            android:enabled="true"
240-->[com.google.android.gms:play-services-measurement:18.0.0] AndroidManifest.xml:41:13-35
241            android:exported="false"
241-->[com.google.android.gms:play-services-measurement:18.0.0] AndroidManifest.xml:42:13-37
242            android:permission="android.permission.BIND_JOB_SERVICE" />
242-->[com.google.android.gms:play-services-measurement:18.0.0] AndroidManifest.xml:43:13-69
243
244        <provider
244-->[com.google.firebase:firebase-common:19.5.0] AndroidManifest.xml:26:9-31:39
245            android:name="com.google.firebase.provider.FirebaseInitProvider"
245-->[com.google.firebase:firebase-common:19.5.0] AndroidManifest.xml:27:13-77
246            android:authorities="congpt.bloclogin.firebaseinitprovider"
246-->[com.google.firebase:firebase-common:19.5.0] AndroidManifest.xml:28:13-72
247            android:directBootAware="true"
247-->[com.google.firebase:firebase-common:19.5.0] AndroidManifest.xml:29:13-43
248            android:exported="false"
248-->[com.google.firebase:firebase-common:19.5.0] AndroidManifest.xml:30:13-37
249            android:initOrder="100" />
249-->[com.google.firebase:firebase-common:19.5.0] AndroidManifest.xml:31:13-36
250
251        <meta-data
251-->[com.google.android.gms:play-services-basement:17.1.0] AndroidManifest.xml:23:9-25:69
252            android:name="com.google.android.gms.version"
252-->[com.google.android.gms:play-services-basement:17.1.0] AndroidManifest.xml:24:13-58
253            android:value="@integer/google_play_services_version" />
253-->[com.google.android.gms:play-services-basement:17.1.0] AndroidManifest.xml:25:13-66
254
255        <service
255-->[com.google.android.datatransport:transport-backend-cct:2.3.3] AndroidManifest.xml:29:9-35:19
256            android:name="com.google.android.datatransport.runtime.backends.TransportBackendDiscovery"
256-->[com.google.android.datatransport:transport-backend-cct:2.3.3] AndroidManifest.xml:30:13-103
257            android:exported="false" >
257-->[com.google.android.datatransport:transport-backend-cct:2.3.3] AndroidManifest.xml:31:13-37
258            <meta-data
258-->[com.google.android.datatransport:transport-backend-cct:2.3.3] AndroidManifest.xml:32:13-34:39
259                android:name="backend:com.google.android.datatransport.cct.CctBackendFactory"
259-->[com.google.android.datatransport:transport-backend-cct:2.3.3] AndroidManifest.xml:33:17-94
260                android:value="cct" />
260-->[com.google.android.datatransport:transport-backend-cct:2.3.3] AndroidManifest.xml:34:17-36
261        </service>
262        <service
262-->[com.google.android.datatransport:transport-runtime:2.2.5] AndroidManifest.xml:26:9-30:19
263            android:name="com.google.android.datatransport.runtime.scheduling.jobscheduling.JobInfoSchedulerService"
263-->[com.google.android.datatransport:transport-runtime:2.2.5] AndroidManifest.xml:27:13-117
264            android:exported="false"
264-->[com.google.android.datatransport:transport-runtime:2.2.5] AndroidManifest.xml:28:13-37
265            android:permission="android.permission.BIND_JOB_SERVICE" >
265-->[com.google.android.datatransport:transport-runtime:2.2.5] AndroidManifest.xml:29:13-69
266        </service>
267
268        <receiver
268-->[com.google.android.datatransport:transport-runtime:2.2.5] AndroidManifest.xml:32:9-34:40
269            android:name="com.google.android.datatransport.runtime.scheduling.jobscheduling.AlarmManagerSchedulerBroadcastReceiver"
269-->[com.google.android.datatransport:transport-runtime:2.2.5] AndroidManifest.xml:33:13-132
270            android:exported="false" />
270-->[com.google.android.datatransport:transport-runtime:2.2.5] AndroidManifest.xml:34:13-37
271    </application>
272
273</manifest>